<?xml version="1.0" encoding="UTF-8"?>
<!-- Generated by org.testng.reporters.JUnitXMLReporter -->
<testsuite ignored="0" hostname="DESKTOP-2US5KLR" failures="0" tests="3" name="Default test" time="27.68" errors="0" timestamp="2023-03-13T20:51:30 PDT">
  <testcase classname="testngPackage.MultipleLoginDataproviders" name="checking" time="7.768"/>
  <testcase classname="testngPackage.MultipleLoginDataproviders" name="checking" time="6.47"/>
  <testcase classname="testngPackage.MultipleLoginDataproviders" name="checking" time="13.307"/>
</testsuite> <!-- Default test -->
