<?xml version="1.0" encoding="UTF-8"?>
<testng-results ignored="0" total="3" passed="3" failed="0" skipped="0">
  <reporter-output>
  </reporter-output>
  <suite started-at="2023-03-13T20:51:02 PDT" name="Default suite" finished-at="2023-03-13T20:51:30 PDT" duration-ms="27680">
    <groups>
    </groups>
    <test started-at="2023-03-13T20:51:02 PDT" name="Default test" finished-at="2023-03-13T20:51:30 PDT" duration-ms="27680">
      <class name="testngPackage.MultipleLoginDataproviders">
        <test-method signature="checking(java.lang.String,java.lang.String,java.lang.String)[pri:0, instance:testngPackage.MultipleLoginDataproviders@69e1dd28]" started-at="2023-03-13T20:51:02 PDT" name="checking" data-provider="dp" finished-at="2023-03-13T20:51:10 PDT" duration-ms="7768" status="PASS">
          <params>
            <param index="0">
              <value>
                <![CDATA[admin]]>
              </value>
            </param>
            <param index="1">
              <value>
                <![CDATA[admin132]]>
              </value>
            </param>
            <param index="2">
              <value>
                <![CDATA[Wrong Credentials]]>
              </value>
            </param>
          </params>
          <reporter-output>
          </reporter-output>
        </test-method> <!-- checking -->
        <test-method signature="checking(java.lang.String,java.lang.String,java.lang.String)[pri:0, instance:testngPackage.MultipleLoginDataproviders@69e1dd28]" started-at="2023-03-13T20:51:10 PDT" name="checking" data-provider="dp" finished-at="2023-03-13T20:51:16 PDT" duration-ms="6470" status="PASS">
          <params>
            <param index="0">
              <value>
                <![CDATA[admin]]>
              </value>
            </param>
            <param index="1">
              <value>
                <![CDATA[admnhhj]]>
              </value>
            </param>
            <param index="2">
              <value>
                <![CDATA[Wrong Credentials]]>
              </value>
            </param>
          </params>
          <reporter-output>
          </reporter-output>
        </test-method> <!-- checking -->
        <test-method signature="checking(java.lang.String,java.lang.String,java.lang.String)[pri:0, instance:testngPackage.MultipleLoginDataproviders@69e1dd28]" started-at="2023-03-13T20:51:16 PDT" name="checking" data-provider="dp" finished-at="2023-03-13T20:51:30 PDT" duration-ms="13307" status="PASS">
          <params>
            <param index="0">
              <value>
                <![CDATA[admin@yourstore.com]]>
              </value>
            </param>
            <param index="1">
              <value>
                <![CDATA[admin]]>
              </value>
            </param>
            <param index="2">
              <value>
                <![CDATA[Test Passed]]>
              </value>
            </param>
          </params>
          <reporter-output>
          </reporter-output>
        </test-method> <!-- checking -->
      </class> <!-- testngPackage.MultipleLoginDataproviders -->
    </test> <!-- Default test -->
  </suite> <!-- Default suite -->
</testng-results>
